<?xml version="1.0" encoding="UTF-8"?>
<!-- Generated by org.testng.reporters.JUnitReportReporter -->
<testsuite hostname="Karans-MacBook-Air.local" failures="0" tests="4" name="com.UiKitCatalogTestsOnIOS.Tests.AppiumTestForUiKitCatalogApp" time="24.218" errors="0" timestamp="2024-02-01T00:50:35 EST" skipped="0">
  <testcase classname="com.UiKitCatalogTestsOnIOS.Tests.AppiumTestForUiKitCatalogApp" name="TestIOSPicker" time="3.049"/>
  <system-out/>
  <testcase classname="com.UiKitCatalogTestsOnIOS.Tests.AppiumTestForUiKitCatalogApp" name="TestIOSScroll" time="6.107"/>
  <system-out/>
  <testcase classname="com.UiKitCatalogTestsOnIOS.Tests.AppiumTestForUiKitCatalogApp" name="TestIOSLongPress" time="9.251"/>
  <system-out/>
  <testcase classname="com.UiKitCatalogTestsOnIOS.Tests.AppiumTestForUiKitCatalogApp" name="TestAlertViews" time="5.811"/>
  <system-out/>
</testsuite> <!-- com.UiKitCatalogTestsOnIOS.Tests.AppiumTestForUiKitCatalogApp -->
